
> workspace@1.0.0 lint /Users/addison/Code/cronium/cronium-dev
> next lint


 ⚠ The Next.js plugin was not detected in your ESLint configuration. See https://nextjs.org/docs/app/api-reference/config/eslint#migrating-existing-config

./src/app/[lang]/auth/activate/page.tsx
1:1  Warning: Unused eslint-disable directive (no problems were reported from '@typescript-eslint/no-unsafe-assignment').
66:17  Warning: 'verifyData' is assigned a value but never used.  @typescript-eslint/no-unused-vars
68:22  Error: Prefer using nullish coalescing operator (`??`) instead of a logical or (`||`), as it is a safer operator.  @typescript-eslint/prefer-nullish-coalescing
74:27  Warning: Unsafe argument of type `any` assigned to a parameter of type `SetStateAction<string>`.  @typescript-eslint/no-unsafe-argument
78:24  Warning: Unsafe argument of type `any` assigned to a parameter of type `SetStateAction<string>`.  @typescript-eslint/no-unsafe-argument

./src/app/[lang]/dashboard/logs/page.tsx
17:11  Warning: 'SimpleEvent' is defined but never used.  @typescript-eslint/no-unused-vars
22:11  Warning: 'SimpleWorkflow' is defined but never used.  @typescript-eslint/no-unused-vars

./src/app/[lang]/dashboard/servers/[id]/page.tsx
116:9  Warning: 'formatUptime' is assigned a value but never used.  @typescript-eslint/no-unused-vars
132:9  Warning: 'formatMemory' is assigned a value but never used.  @typescript-eslint/no-unused-vars

./src/app/[lang]/dashboard/servers/page.tsx
277:7  Error: Promise-returning function provided to property where a void return was expected.  @typescript-eslint/no-misused-promises
296:7  Error: Promise-returning function provided to property where a void return was expected.  @typescript-eslint/no-misused-promises

./src/app/[lang]/dashboard/settings/page.tsx
85:9  Warning: 'params' is assigned a value but never used.  @typescript-eslint/no-unused-vars

./src/app/[lang]/dashboard/workflows/[id]/page.tsx
559:15  Error: The two values in this comparison do not have a shared enum type.  @typescript-eslint/no-unsafe-enum-comparison
560:15  Error: The two values in this comparison do not have a shared enum type.  @typescript-eslint/no-unsafe-enum-comparison
561:15  Error: The two values in this comparison do not have a shared enum type.  @typescript-eslint/no-unsafe-enum-comparison
562:15  Error: The two values in this comparison do not have a shared enum type.  @typescript-eslint/no-unsafe-enum-comparison

./src/app/[lang]/docs/page.tsx
13:3  Warning: 'Settings' is defined but never used.  @typescript-eslint/no-unused-vars
26:9  Warning: Unexpected any. Specify a different type.  @typescript-eslint/no-explicit-any

./src/app/api/admin/terminal/route.ts
36:42  Error: Prefer using nullish coalescing operator (`??`) instead of a logical or (`||`), as it is a safer operator.  @typescript-eslint/prefer-nullish-coalescing
36:69  Error: Prefer using nullish coalescing operator (`??`) instead of a logical or (`||`), as it is a safer operator.  @typescript-eslint/prefer-nullish-coalescing
67:41  Error: Prefer using nullish coalescing operator (`??`) instead of a logical or (`||`), as it is a safer operator.  @typescript-eslint/prefer-nullish-coalescing
188:18  Warning: 'error' is defined but never used.  @typescript-eslint/no-unused-vars
277:11  Error: Unsafe assignment of an `any` value.  @typescript-eslint/no-unsafe-assignment
294:62  Error: Prefer using nullish coalescing operator (`??`) instead of a logical or (`||`), as it is a safer operator.  @typescript-eslint/prefer-nullish-coalescing
348:13  Warning: Unsafe argument of type `any` assigned to a parameter of type `string`.  @typescript-eslint/no-unsafe-argument
352:15  Error: Unsafe call of a(n) `any` typed value.  @typescript-eslint/no-unsafe-call
352:15  Error: Unsafe call of a(n) `any` typed value.  @typescript-eslint/no-unsafe-call
352:23  Error: Unsafe member access .trim on an `any` value.  @typescript-eslint/no-unsafe-member-access
352:30  Error: Unsafe member access .startsWith on an `any` value.  @typescript-eslint/no-unsafe-member-access
412:11  Error: Unsafe assignment of an `any` value.  @typescript-eslint/no-unsafe-assignment
412:42  Error: Prefer using nullish coalescing operator (`??`) instead of a logical or (`||`), as it is a safer operator.  @typescript-eslint/prefer-nullish-coalescing
412:57  Error: Prefer using nullish coalescing operator (`??`) instead of a logical or (`||`), as it is a safer operator.  @typescript-eslint/prefer-nullish-coalescing
417:9  Warning: Unsafe argument of type `any` assigned to a parameter of type `string`.  @typescript-eslint/no-unsafe-argument
418:9  Warning: Unsafe argument of type `any` assigned to a parameter of type `string`.  @typescript-eslint/no-unsafe-argument
422:9  Error: Unsafe assignment of an `any` value.  @typescript-eslint/no-unsafe-assignment
434:66  Warning: Unsafe argument of type `any` assigned to a parameter of type `string`.  @typescript-eslint/no-unsafe-argument
434:75  Warning: Unsafe argument of type `any` assigned to a parameter of type `string`.  @typescript-eslint/no-unsafe-argument

./src/app/api/auth/[...nextauth]/route.ts
4:7  Error: Unsafe assignment of an `any` value.  @typescript-eslint/no-unsafe-assignment

./src/app/api/cron/route.ts
53:11  Error: Unsafe assignment of an `any` value.  @typescript-eslint/no-unsafe-assignment
62:57  Warning: Unsafe argument of type `any` assigned to a parameter of type `number`.  @typescript-eslint/no-unsafe-argument

./src/app/api/servers/route.ts
47:11  Error: Unsafe assignment of an `any` value.  @typescript-eslint/no-unsafe-assignment

./src/app/api/workflows/webhook/[key]/route.ts
14:27  Error: Unexpected `await` of a non-Promise (non-"Thenable") value.  @typescript-eslint/await-thenable
51:11  Error: Unsafe assignment of an `any` value.  @typescript-eslint/no-unsafe-assignment
51:11  Warning: 'payload' is assigned a value but never used.  @typescript-eslint/no-unused-vars

./src/components/admin/VariablesTab.tsx
77:7  Error: Promises must be awaited, end with a call to .catch, end with a call to .then with a rejection handler or be explicitly marked as ignored with the `void` operator.  @typescript-eslint/no-floating-promises
90:7  Error: Promises must be awaited, end with a call to .catch, end with a call to .then with a rejection handler or be explicitly marked as ignored with the `void` operator.  @typescript-eslint/no-floating-promises
100:7  Error: Promises must be awaited, end with a call to .catch, end with a call to .then with a rejection handler or be explicitly marked as ignored with the `void` operator.  @typescript-eslint/no-floating-promises
104:46  Error: Prefer using nullish coalescing operator (`??`) instead of a logical or (`||`), as it is a safer operator.  @typescript-eslint/prefer-nullish-coalescing
131:41  Error: Prefer using nullish coalescing operator (`??`) instead of a logical or (`||`), as it is a safer operator.  @typescript-eslint/prefer-nullish-coalescing
274:43  Error: Prefer using nullish coalescing operator (`??`) instead of a logical or (`||`), as it is a safer operator.  @typescript-eslint/prefer-nullish-coalescing

./src/components/admin/users-management.tsx
8:10  Warning: 'useRouter' is defined but never used.  @typescript-eslint/no-unused-vars
135:9  Warning: 't' is assigned a value but never used.  @typescript-eslint/no-unused-vars
155:67  Error: Prefer using nullish coalescing operator (`??`) instead of a logical or (`||`), as it is a safer operator.  @typescript-eslint/prefer-nullish-coalescing
156:68  Error: Prefer using nullish coalescing operator (`??`) instead of a logical or (`||`), as it is a safer operator.  @typescript-eslint/prefer-nullish-coalescing
181:21  Warning: Unexpected any. Specify a different type.  @typescript-eslint/no-explicit-any
184:9  Error: Unsafe assignment of an `any` value.  @typescript-eslint/no-unsafe-assignment
184:28  Error: Unsafe member access .message on an `any` value.  @typescript-eslint/no-unsafe-member-access
184:36  Error: Prefer using nullish coalescing operator (`??`) instead of a logical or (`||`), as it is a safer operator.  @typescript-eslint/prefer-nullish-coalescing
197:21  Warning: Unexpected any. Specify a different type.  @typescript-eslint/no-explicit-any
200:9  Error: Unsafe assignment of an `any` value.  @typescript-eslint/no-unsafe-assignment
200:28  Error: Unsafe member access .message on an `any` value.  @typescript-eslint/no-unsafe-member-access
200:36  Error: Prefer using nullish coalescing operator (`??`) instead of a logical or (`||`), as it is a safer operator.  @typescript-eslint/prefer-nullish-coalescing
214:21  Warning: Unexpected any. Specify a different type.  @typescript-eslint/no-explicit-any
217:9  Error: Unsafe assignment of an `any` value.  @typescript-eslint/no-unsafe-assignment
217:28  Error: Unsafe member access .message on an `any` value.  @typescript-eslint/no-unsafe-member-access
217:36  Error: Prefer using nullish coalescing operator (`??`) instead of a logical or (`||`), as it is a safer operator.  @typescript-eslint/prefer-nullish-coalescing
231:21  Warning: Unexpected any. Specify a different type.  @typescript-eslint/no-explicit-any
234:9  Error: Unsafe assignment of an `any` value.  @typescript-eslint/no-unsafe-assignment
234:28  Error: Unsafe member access .message on an `any` value.  @typescript-eslint/no-unsafe-member-access
234:36  Error: Prefer using nullish coalescing operator (`??`) instead of a logical or (`||`), as it is a safer operator.  @typescript-eslint/prefer-nullish-coalescing
248:21  Warning: Unexpected any. Specify a different type.  @typescript-eslint/no-explicit-any
251:9  Error: Unsafe assignment of an `any` value.  @typescript-eslint/no-unsafe-assignment
251:28  Error: Unsafe member access .message on an `any` value.  @typescript-eslint/no-unsafe-member-access
251:36  Error: Prefer using nullish coalescing operator (`??`) instead of a logical or (`||`), as it is a safer operator.  @typescript-eslint/prefer-nullish-coalescing
426:40  Error: Prefer using nullish coalescing operator (`??`) instead of a logical or (`||`), as it is a safer operator.  @typescript-eslint/prefer-nullish-coalescing

./src/components/dashboard/ApiTokensManager.tsx
50:6  Warning: 'ApiToken' is defined but never used.  @typescript-eslint/no-unused-vars
91:7  Error: Promises must be awaited, end with a call to .catch, end with a call to .then with a rejection handler or be explicitly marked as ignored with the `void` operator.  @typescript-eslint/no-floating-promises
111:7  Error: Promises must be awaited, end with a call to .catch, end with a call to .then with a rejection handler or be explicitly marked as ignored with the `void` operator.  @typescript-eslint/no-floating-promises
129:7  Error: Promises must be awaited, end with a call to .catch, end with a call to .then with a rejection handler or be explicitly marked as ignored with the `void` operator.  @typescript-eslint/no-floating-promises
149:5  Error: Promises must be awaited, end with a call to .catch, end with a call to .then with a rejection handler or be explicitly marked as ignored with the `void` operator.  @typescript-eslint/no-floating-promises
349:33  Error: Prefer using nullish coalescing operator (`??`) instead of a logical or (`||`), as it is a safer operator.  @typescript-eslint/prefer-nullish-coalescing

./src/components/event-details/EventOverviewTab.tsx
12:10  Warning: 'RunLocation' is defined but never used.  @typescript-eslint/no-unused-vars

./src/components/event-details/WorkflowsCard.tsx
3:10  Warning: 'useState' is defined but never used.  @typescript-eslint/no-unused-vars
3:20  Warning: 'useEffect' is defined but never used.  @typescript-eslint/no-unused-vars
48:9  Warning: 't' is assigned a value but never used.  @typescript-eslint/no-unused-vars
49:11  Warning: 'toast' is assigned a value but never used.  @typescript-eslint/no-unused-vars
61:29  Warning: 'error' is defined but never used. Allowed unused args must match /^_/u.  @typescript-eslint/no-unused-vars
69:52  Error: Prefer using nullish coalescing operator (`??`) instead of a logical or (`||`), as it is a safer operator.  @typescript-eslint/prefer-nullish-coalescing
82:5  Error: Promises must be awaited, end with a call to .catch, end with a call to .then with a rejection handler or be explicitly marked as ignored with the `void` operator.  @typescript-eslint/no-floating-promises

./src/components/event-form/ConditionalActionsSection.tsx
531:14  Warning: 'error' is defined but never used.  @typescript-eslint/no-unused-vars

./src/components/event-form/EditorSettingsModal.tsx
58:17  Warning: 'updatedSettings' is defined but never used. Allowed unused args must match /^_/u.  @typescript-eslint/no-unused-vars
89:14  Warning: 'error' is defined but never used.  @typescript-eslint/no-unused-vars

./src/components/event-form/EventForm.tsx
42:3  Warning: 'ConditionalActionType' is defined but never used.  @typescript-eslint/no-unused-vars

./src/components/event-form/useEventForm.ts
40:64  Warning: Unexpected any. Specify a different type.  @typescript-eslint/no-explicit-any
84:5  Error: Unsafe assignment of an `any` value.  @typescript-eslint/no-unsafe-assignment
84:30  Warning: Unexpected any. Specify a different type.  @typescript-eslint/no-explicit-any
130:11  Error: Unsafe assignment of an `any` value.  @typescript-eslint/no-unsafe-assignment
278:25  Error: Prefer using nullish coalescing operator (`??`) instead of a logical or (`||`), as it is a safer operator.  @typescript-eslint/prefer-nullish-coalescing
324:24  Error: Prefer using nullish coalescing operator (`??`) instead of a logical or (`||`), as it is a safer operator.  @typescript-eslint/prefer-nullish-coalescing
350:24  Error: Prefer using nullish coalescing operator (`??`) instead of a logical or (`||`), as it is a safer operator.  @typescript-eslint/prefer-nullish-coalescing

./src/components/event-list/events-table.tsx
107:47  Error: Invalid type "number | undefined" of template literal expression.  @typescript-eslint/restrict-template-expressions

./src/components/ui/action-menu.tsx
61:25  Error: Prefer using nullish coalescing operator (`??`) instead of a ternary expression, as it is simpler to read.  @typescript-eslint/prefer-nullish-coalescing

./src/components/ui/calendar.tsx
40:21  Error: Unsafe assignment of an `any` value.  @typescript-eslint/no-unsafe-assignment
40:46  Warning: Unexpected any. Specify a different type.  @typescript-eslint/no-explicit-any
41:33  Error: Unsafe member access .onSelect on an `any` value.  @typescript-eslint/no-unsafe-member-access
42:17  Error: Unsafe call of a(n) `any` typed value.  @typescript-eslint/no-unsafe-call
42:31  Error: Unsafe member access .onSelect on an `any` value.  @typescript-eslint/no-unsafe-member-access

./src/components/ui/clickable-status-badge.tsx
57:80  Error: Invalid type "string | undefined" of template literal expression.  @typescript-eslint/restrict-template-expressions
71:34  Warning: Unsafe argument of type `any` assigned to a parameter of type `DetailedReactHTMLElement<{ className: string; }, HTMLElement>`.  @typescript-eslint/no-unsafe-argument
71:56  Warning: Unexpected any. Specify a different type.  @typescript-eslint/no-explicit-any
72:62  Error: Invalid type "any" of template literal expression.  @typescript-eslint/restrict-template-expressions
72:85  Warning: Unexpected any. Specify a different type.  @typescript-eslint/no-explicit-any
72:90  Error: Unsafe member access .props on an `any` value.  @typescript-eslint/no-unsafe-member-access
88:133  Error: Invalid type "string | undefined" of template literal expression.  @typescript-eslint/restrict-template-expressions
93:32  Warning: Unsafe argument of type `any` assigned to a parameter of type `DetailedReactHTMLElement<{ className: string; }, HTMLElement>`.  @typescript-eslint/no-unsafe-argument
93:54  Warning: Unexpected any. Specify a different type.  @typescript-eslint/no-explicit-any
94:60  Error: Invalid type "any" of template literal expression.  @typescript-eslint/restrict-template-expressions
94:83  Warning: Unexpected any. Specify a different type.  @typescript-eslint/no-explicit-any
94:88  Error: Unsafe member access .props on an `any` value.  @typescript-eslint/no-unsafe-member-access
114:108  Error: Invalid type "string | undefined" of template literal expression.  @typescript-eslint/restrict-template-expressions
119:38  Warning: Unsafe argument of type `any` assigned to a parameter of type `DetailedReactHTMLElement<{ className: string; }, HTMLElement>`.  @typescript-eslint/no-unsafe-argument
119:53  Warning: Unexpected any. Specify a different type.  @typescript-eslint/no-explicit-any
120:66  Error: Invalid type "any" of template literal expression.  @typescript-eslint/restrict-template-expressions
120:82  Warning: Unexpected any. Specify a different type.  @typescript-eslint/no-explicit-any
120:87  Error: Unsafe member access .props on an `any` value.  @typescript-eslint/no-unsafe-member-access

./src/components/ui/form-field-with-icon.tsx
17:20  Warning: Unexpected any. Specify a different type.  @typescript-eslint/no-explicit-any

./src/components/ui/status-badge-renderer.tsx
60:7  Error: The case statement does not have a shared enum type with the switch predicate.  @typescript-eslint/no-unsafe-enum-comparison
65:7  Error: The case statement does not have a shared enum type with the switch predicate.  @typescript-eslint/no-unsafe-enum-comparison
70:7  Error: The case statement does not have a shared enum type with the switch predicate.  @typescript-eslint/no-unsafe-enum-comparison
83:7  Error: The case statement does not have a shared enum type with the switch predicate.  @typescript-eslint/no-unsafe-enum-comparison
88:7  Error: The case statement does not have a shared enum type with the switch predicate.  @typescript-eslint/no-unsafe-enum-comparison
93:7  Error: The case statement does not have a shared enum type with the switch predicate.  @typescript-eslint/no-unsafe-enum-comparison
98:7  Error: The case statement does not have a shared enum type with the switch predicate.  @typescript-eslint/no-unsafe-enum-comparison
103:7  Error: The case statement does not have a shared enum type with the switch predicate.  @typescript-eslint/no-unsafe-enum-comparison
108:7  Error: The case statement does not have a shared enum type with the switch predicate.  @typescript-eslint/no-unsafe-enum-comparison
122:7  Error: The case statement does not have a shared enum type with the switch predicate.  @typescript-eslint/no-unsafe-enum-comparison
127:7  Error: The case statement does not have a shared enum type with the switch predicate.  @typescript-eslint/no-unsafe-enum-comparison
132:7  Error: The case statement does not have a shared enum type with the switch predicate.  @typescript-eslint/no-unsafe-enum-comparison
146:7  Error: The case statement does not have a shared enum type with the switch predicate.  @typescript-eslint/no-unsafe-enum-comparison
151:7  Error: The case statement does not have a shared enum type with the switch predicate.  @typescript-eslint/no-unsafe-enum-comparison

./src/components/ui/status-badge.tsx
290:78  Error: Invalid type "string | undefined" of template literal expression.  @typescript-eslint/restrict-template-expressions
295:28  Warning: Unsafe argument of type `any` assigned to a parameter of type `DetailedReactHTMLElement<{ className: string; }, HTMLElement>`.  @typescript-eslint/no-unsafe-argument
295:43  Warning: Unexpected any. Specify a different type.  @typescript-eslint/no-explicit-any
296:56  Error: Invalid type "any" of template literal expression.  @typescript-eslint/restrict-template-expressions
296:72  Warning: Unexpected any. Specify a different type.  @typescript-eslint/no-explicit-any
296:77  Error: Unsafe member access .props on an `any` value.  @typescript-eslint/no-unsafe-member-access
296:94  Error: Prefer using nullish coalescing operator (`??`) instead of a logical or (`||`), as it is a safer operator.  @typescript-eslint/prefer-nullish-coalescing

./src/components/ui/textarea.tsx
5:18  Error: An interface declaring no members is equivalent to its supertype.  @typescript-eslint/no-empty-object-type

./src/components/ui/use-toast.tsx
16:7  Warning: 'actionTypes' is assigned a value but only used as a type.  @typescript-eslint/no-unused-vars

./src/components/webhooks/WebhookDashboard.tsx
74:10  Error: Unsafe array destructuring of a tuple element with an `any` value.  @typescript-eslint/no-unsafe-assignment
74:58  Warning: Unexpected any. Specify a different type.  @typescript-eslint/no-explicit-any
101:7  Error: Promises must be awaited, end with a call to .catch, end with a call to .then with a rejection handler or be explicitly marked as ignored with the `void` operator.  @typescript-eslint/no-floating-promises
119:7  Error: Promises must be awaited, end with a call to .catch, end with a call to .then with a rejection handler or be explicitly marked as ignored with the `void` operator.  @typescript-eslint/no-floating-promises
133:7  Error: Promises must be awaited, end with a call to .catch, end with a call to .then with a rejection handler or be explicitly marked as ignored with the `void` operator.  @typescript-eslint/no-floating-promises
148:43  Error: Prefer using nullish coalescing operator (`??`) instead of a logical or (`||`), as it is a safer operator.  @typescript-eslint/prefer-nullish-coalescing
149:27  Error: Prefer using nullish coalescing operator (`??`) instead of a logical or (`||`), as it is a safer operator.  @typescript-eslint/prefer-nullish-coalescing
162:36  Warning: Unexpected any. Specify a different type.  @typescript-eslint/no-explicit-any
163:68  Error: Invalid type "any" of template literal expression.  @typescript-eslint/restrict-template-expressions
163:76  Error: Unsafe member access .key on an `any` value.  @typescript-eslint/no-unsafe-member-access
164:5  Error: Promises must be awaited, end with a call to .catch, end with a call to .then with a rejection handler or be explicitly marked as ignored with the `void` operator.  @typescript-eslint/no-floating-promises
171:44  Warning: Unexpected any. Specify a different type.  @typescript-eslint/no-explicit-any
173:47  Warning: Unsafe argument of type `any` assigned to a parameter of type `{ workflowId: number; key?: string | undefined; description?: string | undefined; isActive?: boolean | undefined; allowedMethods?: ("POST" | "GET" | "PUT" | "PATCH")[] | undefined; allowedIps?: string[] | undefined; ... 4 more ...; responseFormat?: "text" | ... 2 more ... | undefined; }`.  @typescript-eslint/no-unsafe-argument
174:14  Warning: 'error' is defined but never used.  @typescript-eslint/no-unused-vars
182:14  Warning: 'error' is defined but never used.  @typescript-eslint/no-unused-vars
187:9  Warning: 'generateNewUrl' is assigned a value but never used.  @typescript-eslint/no-unused-vars
190:14  Warning: 'error' is defined but never used.  @typescript-eslint/no-unused-vars
195:35  Warning: Unexpected any. Specify a different type.  @typescript-eslint/no-explicit-any
196:18  Error: Unsafe member access .isActive on an `any` value.  @typescript-eslint/no-unsafe-member-access
498:24  Error: Unsafe assignment of an `any` value.  @typescript-eslint/no-unsafe-assignment
501:17  Error: Promises must be awaited, end with a call to .catch, end with a call to .then with a rejection handler or be explicitly marked as ignored with the `void` operator.  @typescript-eslint/no-floating-promises
517:27  Error: Unsafe assignment of an `any` value.  @typescript-eslint/no-unsafe-assignment
517:43  Error: Unsafe member access .key on an `any` value.  @typescript-eslint/no-unsafe-member-access

./src/components/webhooks/WebhookForm.tsx
41:13  Warning: Unexpected any. Specify a different type.  @typescript-eslint/no-explicit-any
67:10  Warning: 'generatedKey' is assigned a value but never used.  @typescript-eslint/no-unused-vars
71:5  Error: Unsafe assignment of an `any` value.  @typescript-eslint/no-unsafe-assignment
71:49  Warning: Unexpected any. Specify a different type.  @typescript-eslint/no-explicit-any
74:11  Error: Unsafe assignment of an `any` value.  @typescript-eslint/no-unsafe-assignment
74:31  Error: Unsafe member access .workflowId on an `any` value.  @typescript-eslint/no-unsafe-member-access
75:11  Error: Unsafe assignment of an `any` value.  @typescript-eslint/no-unsafe-assignment
75:24  Error: Unsafe member access .key on an `any` value.  @typescript-eslint/no-unsafe-member-access
76:11  Error: Unsafe assignment of an `any` value.  @typescript-eslint/no-unsafe-assignment
76:32  Error: Unsafe member access .description on an `any` value.  @typescript-eslint/no-unsafe-member-access
77:11  Error: Unsafe assignment of an `any` value.  @typescript-eslint/no-unsafe-assignment
77:29  Error: Unsafe member access .isActive on an `any` value.  @typescript-eslint/no-unsafe-member-access
78:11  Error: Unsafe assignment of an `any` value.  @typescript-eslint/no-unsafe-assignment
78:35  Error: Unsafe member access .allowedMethods on an `any` value.  @typescript-eslint/no-unsafe-member-access
79:11  Error: Unsafe assignment of an `any` value.  @typescript-eslint/no-unsafe-assignment
79:39  Error: Unsafe member access .rateLimitPerMinute on an `any` value.  @typescript-eslint/no-unsafe-member-access
80:11  Error: Unsafe assignment of an `any` value.  @typescript-eslint/no-unsafe-assignment
80:32  Error: Unsafe member access .requireAuth on an `any` value.  @typescript-eslint/no-unsafe-member-access
81:11  Error: Unsafe assignment of an `any` value.  @typescript-eslint/no-unsafe-assignment
81:30  Error: Unsafe member access .authToken on an `any` value.  @typescript-eslint/no-unsafe-member-access
82:11  Error: Unsafe assignment of an `any` value.  @typescript-eslint/no-unsafe-assignment
82:35  Error: Unsafe member access .responseFormat on an `any` value.  @typescript-eslint/no-unsafe-member-access
141:5  Error: Promises must be awaited, end with a call to .catch, end with a call to .then with a rejection handler or be explicitly marked as ignored with the `void` operator.  @typescript-eslint/no-floating-promises
150:52  Warning: Unsafe argument of type `any` assigned to a parameter of type `"POST" | "GET" | "PUT" | "PATCH"`.  @typescript-eslint/no-unsafe-argument
150:62  Warning: Unexpected any. Specify a different type.  @typescript-eslint/no-explicit-any
152:39  Warning: Unexpected any. Specify a different type.  @typescript-eslint/no-explicit-any
154:37  Warning: Unsafe argument of type `any[]` assigned to a parameter of type `("POST" | "GET" | "PUT" | "PATCH")[]`.  @typescript-eslint/no-unsafe-argument
276:45  Warning: Unsafe argument of type `any` assigned to a parameter of type `"POST" | "GET" | "PUT" | "PATCH"`.  @typescript-eslint/no-unsafe-argument
276:61  Warning: Unexpected any. Specify a different type.  @typescript-eslint/no-explicit-any
297:49  Warning: Unsafe argument of type `any` assigned to a parameter of type `"text" | "json" | "xml"`.  @typescript-eslint/no-unsafe-argument
297:58  Warning: Unexpected any. Specify a different type.  @typescript-eslint/no-explicit-any

./src/components/webhooks/WebhookMonitor.tsx
60:7  Error: Unsafe assignment of an `any` value.  @typescript-eslint/no-unsafe-assignment
60:35  Warning: Unexpected any. Specify a different type.  @typescript-eslint/no-explicit-any
78:7  Error: Unsafe assignment of an `any` value.  @typescript-eslint/no-unsafe-assignment
78:69  Warning: Unexpected any. Specify a different type.  @typescript-eslint/no-explicit-any
347:46  Warning: Unexpected any. Specify a different type.  @typescript-eslint/no-explicit-any
352:27  Error: Unsafe member access .triggered on an `any` value.  @typescript-eslint/no-unsafe-member-access
360:26  Error: Unsafe call of a(n) `any` typed value.  @typescript-eslint/no-unsafe-call
360:32  Error: Unsafe member access .type on an `any` value.  @typescript-eslint/no-unsafe-member-access
363:41  Error: Unsafe member access .currentValue on an `any` value.  @typescript-eslint/no-unsafe-member-access
364:32  Error: Unsafe member access .threshold on an `any` value.  @typescript-eslint/no-unsafe-member-access
368:38  Error: Unsafe member access .triggered on an `any` value.  @typescript-eslint/no-unsafe-member-access
370:30  Error: Unsafe member access .triggered on an `any` value.  @typescript-eslint/no-unsafe-member-access
438:49  Warning: Unexpected any. Specify a different type.  @typescript-eslint/no-explicit-any
439:38  Error: Unsafe assignment of an `any` value.  @typescript-eslint/no-unsafe-assignment
439:48  Error: Unsafe member access .id on an `any` value.  @typescript-eslint/no-unsafe-member-access
442:44  Warning: Unsafe argument of type `any` assigned to a parameter of type `string`.  @typescript-eslint/no-unsafe-argument
442:54  Error: Unsafe member access .status on an `any` value.  @typescript-eslint/no-unsafe-member-access
445:57  Warning: Unsafe argument of type `any` assigned to a parameter of type `string`.  @typescript-eslint/no-unsafe-argument
445:67  Error: Unsafe member access .status on an `any` value.  @typescript-eslint/no-unsafe-member-access
447:42  Error: Unsafe member access .status on an `any` value.  @typescript-eslint/no-unsafe-member-access
453:45  Warning: Unsafe argument of type `any` assigned to a parameter of type `string | Date`.  @typescript-eslint/no-unsafe-argument
453:55  Error: Unsafe member access .timestamp on an `any` value.  @typescript-eslint/no-unsafe-member-access
458:40  Error: Unsafe member access .method on an `any` value.  @typescript-eslint/no-unsafe-member-access
462:64  Error: Unsafe member access .sourceIp on an `any` value.  @typescript-eslint/no-unsafe-member-access
465:43  Warning: Unsafe argument of type `any` assigned to a parameter of type `number`.  @typescript-eslint/no-unsafe-argument
465:53  Error: Unsafe member access .responseTime on an `any` value.  @typescript-eslint/no-unsafe-member-access
470:41  Error: Unsafe member access .responseCode on an `any` value.  @typescript-eslint/no-unsafe-member-access
471:41  Error: Unsafe member access .responseCode on an `any` value.  @typescript-eslint/no-unsafe-member-access
476:40  Error: Unsafe member access .responseCode on an `any` value.  @typescript-eslint/no-unsafe-member-access
476:53  Error: Prefer using nullish coalescing operator (`??`) instead of a logical or (`||`), as it is a safer operator.  @typescript-eslint/prefer-nullish-coalescing
485:33  Warning: Unsafe argument of type `any` assigned to a parameter of type `SetStateAction<number | null>`.  @typescript-eslint/no-unsafe-argument
485:59  Error: Unsafe member access .id on an `any` value.  @typescript-eslint/no-unsafe-member-access
487:47  Error: Unsafe member access .id on an `any` value.  @typescript-eslint/no-unsafe-member-access
512:27  Warning: Unexpected any. Specify a different type.  @typescript-eslint/no-explicit-any
512:37  Error: Unsafe member access .id on an `any` value.  @typescript-eslint/no-unsafe-member-access
547:30  Warning: Unexpected any. Specify a different type.  @typescript-eslint/no-explicit-any
553:40  Warning: Unsafe argument of type `any` assigned to a parameter of type `string`.  @typescript-eslint/no-unsafe-argument
553:49  Error: Unsafe member access .status on an `any` value.  @typescript-eslint/no-unsafe-member-access
556:39  Error: Unsafe member access .status on an `any` value.  @typescript-eslint/no-unsafe-member-access
561:45  Warning: Unsafe argument of type `any` assigned to a parameter of type `string | Date`.  @typescript-eslint/no-unsafe-argument
561:54  Error: Unsafe member access .timestamp on an `any` value.  @typescript-eslint/no-unsafe-member-access
562:39  Error: Unsafe member access .sourceIp on an `any` value.  @typescript-eslint/no-unsafe-member-access
567:41  Warning: Unsafe argument of type `any` assigned to a parameter of type `number`.  @typescript-eslint/no-unsafe-argument
567:50  Error: Unsafe member access .responseTime on an `any` value.  @typescript-eslint/no-unsafe-member-access

./src/components/workflows/WorkflowDetailsForm.tsx
24:3  Warning: 'FormDescription' is defined but never used.  @typescript-eslint/no-unused-vars
31:43  Warning: 'ServerIcon' is defined but never used.  @typescript-eslint/no-unused-vars
42:18  Warning: Unexpected any. Specify a different type.  @typescript-eslint/no-explicit-any
43:18  Warning: Unexpected any. Specify a different type.  @typescript-eslint/no-explicit-any
129:41  Error: Prefer using nullish coalescing operator (`??`) instead of a logical or (`||`), as it is a safer operator.  @typescript-eslint/prefer-nullish-coalescing
133:47  Error: Prefer using nullish coalescing operator (`??`) instead of a logical or (`||`), as it is a safer operator.  @typescript-eslint/prefer-nullish-coalescing
134:47  Error: Prefer using nullish coalescing operator (`??`) instead of a logical or (`||`), as it is a safer operator.  @typescript-eslint/prefer-nullish-coalescing
135:43  Error: Prefer using nullish coalescing operator (`??`) instead of a logical or (`||`), as it is a safer operator.  @typescript-eslint/prefer-nullish-coalescing
163:14  Warning: 'error' is defined but never used.  @typescript-eslint/no-unused-vars
355:58  Error: Prefer using nullish coalescing operator (`??`) instead of a logical or (`||`), as it is a safer operator.  @typescript-eslint/prefer-nullish-coalescing
369:56  Error: Prefer using nullish coalescing operator (`??`) instead of a logical or (`||`), as it is a safer operator.  @typescript-eslint/prefer-nullish-coalescing

./src/components/workflows/WorkflowExecutionHistory.tsx
56:11  Warning: 'WorkflowExecutionWithWorkflow' is defined but never used.  @typescript-eslint/no-unused-vars
103:18  Warning: Unexpected any. Specify a different type.  @typescript-eslint/no-explicit-any
103:31  Error: Unsafe member access .status on an `any` value.  @typescript-eslint/no-unsafe-member-access
112:9  Warning: 'totalExecutions' is assigned a value but never used.  @typescript-eslint/no-unused-vars
125:14  Warning: 'error' is defined but never used.  @typescript-eslint/no-unused-vars
143:48  Warning: Unexpected any. Specify a different type.  @typescript-eslint/no-explicit-any
143:61  Error: Unsafe member access .id on an `any` value.  @typescript-eslint/no-unsafe-member-access
162:13  Error: Unsafe assignment of an `any` value.  @typescript-eslint/no-unsafe-assignment
163:28  Warning: Unsafe argument of type `any` assigned to a parameter of type `SetStateAction<ExecutionWithEvents | null>`.  @typescript-eslint/no-unsafe-argument
163:33  Error: Unsafe member access .data on an `any` value.  @typescript-eslint/no-unsafe-member-access
179:7  Error: Promises must be awaited, end with a call to .catch, end with a call to .then with a rejection handler or be explicitly marked as ignored with the `void` operator.  @typescript-eslint/no-floating-promises
197:60  Warning: Unexpected any. Specify a different type.  @typescript-eslint/no-explicit-any
199:19  Error: Invalid type "any" of template literal expression.  @typescript-eslint/restrict-template-expressions
199:29  Error: Unsafe member access .workflowId on an `any` value.  @typescript-eslint/no-unsafe-member-access
204:43  Error: Unsafe member access .status on an `any` value.  @typescript-eslint/no-unsafe-member-access
529:37  Error: Invalid type "ParamValue" of template literal expression.  @typescript-eslint/restrict-template-expressions
619:47  Warning: 'index' is defined but never used. Allowed unused args must match /^_/u.  @typescript-eslint/no-unused-vars
627:59  Error: Invalid type "ParamValue" of template literal expression.  @typescript-eslint/restrict-template-expressions
630:60  Warning: Unexpected any. Specify a different type.  @typescript-eslint/no-explicit-any
630:65  Error: Unsafe member access .eventName on an `any` value.  @typescript-eslint/no-unsafe-member-access

./src/components/workflows/WorkflowForm.tsx
130:33  Error: Prefer using nullish coalescing operator (`??`) instead of a logical or (`||`), as it is a safer operator.  @typescript-eslint/prefer-nullish-coalescing
322:46  Error: Prefer using nullish coalescing operator (`??`) instead of a logical or (`||`), as it is a safer operator.  @typescript-eslint/prefer-nullish-coalescing

./src/components/workflows/nodes/EventNode.tsx
70:44  Error: Prefer using nullish coalescing operator (`??`) instead of a logical or (`||`), as it is a safer operator.  @typescript-eslint/prefer-nullish-coalescing

./src/i18n/request.ts
10:7  Error: Unsafe assignment of an `any` value.  @typescript-eslint/no-unsafe-assignment
10:67  Error: Unsafe member access .default on an `any` value.  @typescript-eslint/no-unsafe-member-access
12:12  Warning: 'error' is defined but never used.  @typescript-eslint/no-unused-vars

./src/lib/passport.ts
49:16  Error: Expected non-Promise value in a boolean conditional.  @typescript-eslint/no-misused-promises

./src/lib/scheduler/event-handlers.ts
218:7  Error: The two values in this comparison do not have a shared enum type.  @typescript-eslint/no-unsafe-enum-comparison
355:26  Error: 'credentials.host ?? ""' will use Object's default stringification format ('[object Object]') when stringified.  @typescript-eslint/no-base-to-string
357:26  Error: 'credentials.user ?? ""' will use Object's default stringification format ('[object Object]') when stringified.  @typescript-eslint/no-base-to-string
358:30  Error: 'credentials.password ?? ""' will use Object's default stringification format ('[object Object]') when stringified.  @typescript-eslint/no-base-to-string
359:31  Error: 'credentials.fromEmail ?? ""' will use Object's default stringification format ('[object Object]') when stringified.  @typescript-eslint/no-base-to-string
360:30  Error: 'credentials.fromName ?? ""' will use Object's default stringification format ('[object Object]') when stringified.  @typescript-eslint/no-base-to-string
453:24  Error: 'credentials.webhookUrl ?? ""' will use Object's default stringification format ('[object Object]') when stringified.  @typescript-eslint/no-base-to-string
503:24  Error: 'credentials.webhookUrl ?? ""' will use Object's default stringification format ('[object Object]') when stringified.  @typescript-eslint/no-base-to-string
543:7  Error: The two values in this comparison do not have a shared enum type.  @typescript-eslint/no-unsafe-enum-comparison

./src/lib/scheduler/execute-script.ts
6:3  Warning: 'TimeUnit' is defined but never used.  @typescript-eslint/no-unused-vars
7:8  Warning: 'Event' is defined but never used.  @typescript-eslint/no-unused-vars
9:8  Warning: 'Log' is defined but never used.  @typescript-eslint/no-unused-vars
197:17  Error: Expected an error object to be thrown.  @typescript-eslint/only-throw-error
474:15  Error: Unsafe call of a(n) `error` type typed value.  @typescript-eslint/no-unsafe-call
513:11  Error: The two values in this comparison do not have a shared enum type.  @typescript-eslint/no-unsafe-enum-comparison
515:18  Error: The two values in this comparison do not have a shared enum type.  @typescript-eslint/no-unsafe-enum-comparison
651:40  Error: Prefer using nullish coalescing operator (`??`) instead of a logical or (`||`), as it is a safer operator.  @typescript-eslint/prefer-nullish-coalescing
713:13  Warning: 'executionData' is assigned a value but never used.  @typescript-eslint/no-unused-vars
755:79  Error: Invalid type "any" of template literal expression.  @typescript-eslint/restrict-template-expressions
764:72  Error: Invalid type "any" of template literal expression.  @typescript-eslint/restrict-template-expressions
855:77  Error: Invalid type "any" of template literal expression.  @typescript-eslint/restrict-template-expressions
866:70  Error: Invalid type "any" of template literal expression.  @typescript-eslint/restrict-template-expressions
886:136  Error: Invalid type "number[]" of template literal expression.  @typescript-eslint/restrict-template-expressions

./src/lib/scheduler/execution-counter.ts
39:17  Error: Unsafe assignment of an `any` value.  @typescript-eslint/no-unsafe-assignment
39:50  Warning: Unexpected any. Specify a different type.  @typescript-eslint/no-explicit-any
40:15  Error: Unsafe call of a(n) `any` typed value.  @typescript-eslint/no-unsafe-call
40:33  Error: Unsafe member access .jobs on an `any` value.  @typescript-eslint/no-unsafe-member-access
44:13  Error: Unsafe call of a(n) `any` typed value.  @typescript-eslint/no-unsafe-call
44:13  Error: Unsafe call of a(n) `any` typed value.  @typescript-eslint/no-unsafe-call
44:31  Error: Unsafe member access .jobs on an `any` value.  @typescript-eslint/no-unsafe-member-access
44:50  Error: Unsafe member access .cancel on an `any` value.  @typescript-eslint/no-unsafe-member-access
45:13  Error: Unsafe call of a(n) `any` typed value.  @typescript-eslint/no-unsafe-call
45:31  Error: Unsafe member access .jobs on an `any` value.  @typescript-eslint/no-unsafe-member-access
59:11  Error: Unsafe assignment of an `any` value.  @typescript-eslint/no-unsafe-assignment
59:31  Warning: Unexpected any. Specify a different type.  @typescript-eslint/no-explicit-any

./src/lib/scheduler/http-executor.ts
61:34  Error: 'body' will use Object's default stringification format ('[object Object]') when stringified.  @typescript-eslint/no-base-to-string

./src/lib/scheduler/local-executor.ts
232:56  Error: Invalid type "unknown" of template literal expression.  @typescript-eslint/restrict-template-expressions
252:70  Error: Invalid type "boolean | undefined" of template literal expression.  @typescript-eslint/restrict-template-expressions
259:59  Error: Invalid type "unknown" of template literal expression.  @typescript-eslint/restrict-template-expressions
345:63  Error: Invalid type "unknown" of template literal expression.  @typescript-eslint/restrict-template-expressions

./src/lib/scheduler/scheduler.ts
237:70  Error: Invalid type "boolean | null" of template literal expression.  @typescript-eslint/restrict-template-expressions

./src/lib/ssh/script-executor.ts
9:37  Warning: 'SSHConnection' is defined but never used.  @typescript-eslint/no-unused-vars

./src/lib/ssh/shared.ts
98:18  Warning: 'error' is defined but never used.  @typescript-eslint/no-unused-vars
105:20  Warning: 'disposeError' is defined but never used.  @typescript-eslint/no-unused-vars
207:16  Warning: 'disposeError' is defined but never used.  @typescript-eslint/no-unused-vars

./src/lib/ssh/terminal.ts
59:14  Warning: 'error' is defined but never used.  @typescript-eslint/no-unused-vars
156:11  Warning: Prefer using an optional chain expression instead, as it's more concise and easier to read.  @typescript-eslint/prefer-optional-chain
189:14  Warning: 'error' is defined but never used.  @typescript-eslint/no-unused-vars
206:27  Error: Invalid type "string | undefined" of template literal expression.  @typescript-eslint/restrict-template-expressions

./src/lib/template-processor.ts
48:13  Error: Unsafe return of a value of type `any`.  @typescript-eslint/no-unsafe-return
53:9  Error: Unsafe return of a value of type `any`.  @typescript-eslint/no-unsafe-return

./src/lib/validations/script.ts
95:18  Warning: 'e' is defined but never used.  @typescript-eslint/no-unused-vars

./src/lib/workflow-executor.ts
41:17  Error: Unexpected empty constructor.  @typescript-eslint/no-empty-function
48:31  Warning: This assertion is unnecessary since it does not change the type of the expression.  @typescript-eslint/no-unnecessary-type-assertion
102:24  Warning: This assertion is unnecessary since it does not change the type of the expression.  @typescript-eslint/no-unnecessary-type-assertion
135:11  Error: The case statement does not have a shared enum type with the switch predicate.  @typescript-eslint/no-unsafe-enum-comparison
140:11  Error: The case statement does not have a shared enum type with the switch predicate.  @typescript-eslint/no-unsafe-enum-comparison
145:11  Error: The case statement does not have a shared enum type with the switch predicate.  @typescript-eslint/no-unsafe-enum-comparison
150:11  Error: The case statement does not have a shared enum type with the switch predicate.  @typescript-eslint/no-unsafe-enum-comparison
168:37  Error: Promise returned in function argument where a void return was expected.  @typescript-eslint/no-misused-promises
196:24  Warning: This assertion is unnecessary since it does not change the type of the expression.  @typescript-eslint/no-unnecessary-type-assertion
203:38  Error: Prefer using nullish coalescing operator (`??`) instead of a logical or (`||`), as it is a safer operator.  @typescript-eslint/prefer-nullish-coalescing
225:7  Error: Promises must be awaited, end with a call to .catch, end with a call to .then with a rejection handler or be explicitly marked as ignored with the `void` operator.  @typescript-eslint/no-floating-promises
273:21  Warning: This assertion is unnecessary since it does not change the type of the expression.  @typescript-eslint/no-unnecessary-type-assertion
276:27  Warning: This assertion is unnecessary since it does not change the type of the expression.  @typescript-eslint/no-unnecessary-type-assertion
412:26  Error: Invalid type "number | undefined" of template literal expression.  @typescript-eslint/restrict-template-expressions
412:45  Error: Invalid type "number | undefined" of template literal expression.  @typescript-eslint/restrict-template-expressions
541:21  Warning: This assertion is unnecessary since it does not change the type of the expression.  @typescript-eslint/no-unnecessary-type-assertion
601:42  Error: Prefer using nullish coalescing operator (`??`) instead of a logical or (`||`), as it is a safer operator.  @typescript-eslint/prefer-nullish-coalescing
666:36  Error: Prefer using nullish coalescing operator (`??`) instead of a logical or (`||`), as it is a safer operator.  @typescript-eslint/prefer-nullish-coalescing
783:22  Warning: This assertion is unnecessary since it does not change the type of the expression.  @typescript-eslint/no-unnecessary-type-assertion

./src/tests/api.test.ts
33:66  Error: Unexpected empty arrow function.  @typescript-eslint/no-empty-function
34:77  Error: Unexpected empty arrow function.  @typescript-eslint/no-empty-function
36:66  Error: Unexpected empty arrow function.  @typescript-eslint/no-empty-function
38:66  Error: Unexpected empty arrow function.  @typescript-eslint/no-empty-function
39:77  Error: Unexpected empty arrow function.  @typescript-eslint/no-empty-function
117:28  Error: Unsafe member access .name on an `any` value.  @typescript-eslint/no-unsafe-member-access
118:28  Error: Unsafe member access .type on an `any` value.  @typescript-eslint/no-unsafe-member-access
120:7  Error: Unsafe assignment of an `any` value.  @typescript-eslint/no-unsafe-assignment
120:35  Error: Unsafe member access .id on an `any` value.  @typescript-eslint/no-unsafe-member-access
160:28  Error: Unsafe member access .name on an `any` value.  @typescript-eslint/no-unsafe-member-access
161:28  Error: Unsafe member access .type on an `any` value.  @typescript-eslint/no-unsafe-member-access
163:7  Error: Unsafe assignment of an `any` value.  @typescript-eslint/no-unsafe-assignment
163:37  Error: Unsafe member access .id on an `any` value.  @typescript-eslint/no-unsafe-member-access
201:28  Error: Unsafe member access .name on an `any` value.  @typescript-eslint/no-unsafe-member-access
202:28  Error: Unsafe member access .type on an `any` value.  @typescript-eslint/no-unsafe-member-access
204:7  Error: Unsafe assignment of an `any` value.  @typescript-eslint/no-unsafe-assignment
204:37  Error: Unsafe member access .id on an `any` value.  @typescript-eslint/no-unsafe-member-access
230:28  Error: Unsafe member access .name on an `any` value.  @typescript-eslint/no-unsafe-member-access
231:28  Error: Unsafe member access .type on an `any` value.  @typescript-eslint/no-unsafe-member-access
233:7  Error: Unsafe assignment of an `any` value.  @typescript-eslint/no-unsafe-assignment
233:35  Error: Unsafe member access .id on an `any` value.  @typescript-eslint/no-unsafe-member-access
248:28  Error: Unsafe member access .name on an `any` value.  @typescript-eslint/no-unsafe-member-access
249:28  Error: Unsafe member access .timeoutValue on an `any` value.  @typescript-eslint/no-unsafe-member-access
255:28  Error: Unsafe member access .id on an `any` value.  @typescript-eslint/no-unsafe-member-access
256:28  Error: Unsafe member access .name on an `any` value.  @typescript-eslint/no-unsafe-member-access
277:28  Error: Unsafe member access .success on an `any` value.  @typescript-eslint/no-unsafe-member-access
278:28  Error: Unsafe member access .eventId on an `any` value.  @typescript-eslint/no-unsafe-member-access
279:28  Error: Unsafe member access .executionId on an `any` value.  @typescript-eslint/no-unsafe-member-access
323:28  Error: Unsafe member access .name on an `any` value.  @typescript-eslint/no-unsafe-member-access
325:7  Error: Unsafe assignment of an `any` value.  @typescript-eslint/no-unsafe-assignment
325:34  Error: Unsafe member access .id on an `any` value.  @typescript-eslint/no-unsafe-member-access
342:28  Error: Unsafe member access .success on an `any` value.  @typescript-eslint/no-unsafe-member-access
343:28  Error: Unsafe member access .workflowId on an `any` value.  @typescript-eslint/no-unsafe-member-access
358:28  Error: Unsafe member access .name on an `any` value.  @typescript-eslint/no-unsafe-member-access
364:28  Error: Unsafe member access .workflow on an `any` value.  @typescript-eslint/no-unsafe-member-access
365:28  Error: Unsafe member access .nodes on an `any` value.  @typescript-eslint/no-unsafe-member-access
366:28  Error: Unsafe member access .edges on an `any` value.  @typescript-eslint/no-unsafe-member-access
375:28  Error: Unsafe member access .length on an `any` value.  @typescript-eslint/no-unsafe-member-access
382:28  Error: Unsafe member access .length on an `any` value.  @typescript-eslint/no-unsafe-member-access
391:33  Error: Unsafe member access .name on an `any` value.  @typescript-eslint/no-unsafe-member-access
396:36  Error: Unsafe member access .workflow on an `any` value.  @typescript-eslint/no-unsafe-member-access

./src/trpc/examples.ts
97:20  Warning: 'newData' is defined but never used. Allowed unused args must match /^_/u.  @typescript-eslint/no-unused-vars
109:13  Warning: 'err' is defined but never used. Allowed unused args must match /^_/u.  @typescript-eslint/no-unused-vars
109:27  Warning: 'newData' is defined but never used. Allowed unused args must match /^_/u.  @typescript-eslint/no-unused-vars
109:58  Warning: 'context' is defined but never used. Allowed unused args must match /^_/u.  @typescript-eslint/no-unused-vars
109:67  Warning: Unexpected any. Specify a different type.  @typescript-eslint/no-explicit-any

./src/types/modules.d.ts
9:12  Warning: Unexpected any. Specify a different type.  @typescript-eslint/no-explicit-any
26:37  Warning: Unexpected any. Specify a different type.  @typescript-eslint/no-explicit-any
32:43  Warning: Unexpected any. Specify a different type.  @typescript-eslint/no-explicit-any

./src/types/next-auth.d.ts
32:11  Error: 'User' is an 'error' type that acts as 'any' and overrides all other types in this intersection type.  @typescript-eslint/no-redundant-type-constituents

info  - Need to disable some ESLint rules? Learn more here: https://nextjs.org/docs/app/api-reference/config/eslint#disabling-rules
 ELIFECYCLE  Command failed with exit code 1.
