src/components/event-details/EventEditTab.tsx(169,9): error TS2375: Type '{ createdAt: Date; updatedAt: Date; lastRunAt: Date | null; nextRunAt: Date | null; scheduleUnit: TimeUnit; runLocation: RunLocation; ... 27 more ...; conditionalActions?: Array<{ type: string; action: ConditionalActionType; description?: string; }>; }' is not assignable to type 'EventFormInitialData' with 'exactOptionalPropertyTypes: true'. Consider adding 'undefined' to the types of the target's properties.
  Types of property 'successEvents' are incompatible.
    Type '{ id: number; type: ConditionalActionType; value?: string | undefined; emailSubject?: string | undefined; targetEventId?: number | undefined; toolId?: number | undefined; message?: string | undefined; }[]' is not assignable to type '{ id: number; type: string; value?: string; emailSubject?: string; targetEventId?: number; toolId?: number; message?: string; }[]'.
      Type '{ id: number; type: ConditionalActionType; value?: string | undefined; emailSubject?: string | undefined; targetEventId?: number | undefined; toolId?: number | undefined; message?: string | undefined; }' is not assignable to type '{ id: number; type: string; value?: string; emailSubject?: string; targetEventId?: number; toolId?: number; message?: string; }' with 'exactOptionalPropertyTypes: true'. Consider adding 'undefined' to the types of the target's properties.
        Types of property 'value' are incompatible.
          Type 'string | undefined' is not assignable to type 'string'.
            Type 'undefined' is not assignable to type 'string'.
src/components/event-form/EventForm.tsx(325,65): error TS2304: Cannot find name 'Tool'.
src/components/event-form/EventForm.tsx(493,62): error TS2345: Argument of type '{ content: string | undefined; startTime: string | null; customSchedule: string | undefined; serverId: null; toolActionConfig: string | undefined; envVars: string; tags: string; conditionalEvents: string; ... 21 more ...; id: number; }' is not assignable to parameter of type '{ id: number; name?: string | undefined; type?: EventType | undefined; status?: EventStatus | undefined; shared?: boolean | undefined; description?: string | undefined; ... 22 more ...; onFailActions?: { ...; }[] | undefined; }'.
  Types of property 'tags' are incompatible.
    Type 'string' is not assignable to type 'string[]'.
src/components/event-form/EventForm.tsx(499,62): error TS2345: Argument of type '{ content: string | undefined; startTime: string | null; customSchedule: string | undefined; serverId: null; toolActionConfig: string | undefined; envVars: string; tags: string; conditionalEvents: string; ... 20 more ...; httpBody?: string | undefined; }' is not assignable to parameter of type '{ name: string; type: EventType; status?: EventStatus | undefined; shared?: boolean | undefined; description?: string | undefined; content?: string | undefined; ... 21 more ...; onFailActions?: { ...; }[] | undefined; }'.
  Types of property 'tags' are incompatible.
    Type 'string' is not assignable to type 'string[]'.
src/components/event-form/EventForm.tsx(1379,8): error TS2375: Type '{ eventData: EventData; availableEvents: { id: number; name: string; type: EventType; status: EventStatus; shared: boolean; description: string | null; ... 26 more ...; tags: unknown; }[]; eventId: number | undefined; onConditionalActionsChange: (actions: ConditionalAction[]) => void; }' is not assignable to type 'ConditionalActionsSectionProps' with 'exactOptionalPropertyTypes: true'. Consider adding 'undefined' to the types of the target's properties.
  Types of property 'eventId' are incompatible.
    Type 'number | undefined' is not assignable to type 'number'.
      Type 'undefined' is not assignable to type 'number'.
src/components/tools/CredentialTroubleshooter.tsx(77,3): error TS2561: Object literal may only specify known properties, but 'slack' does not exist in type 'Record<ToolType, TroubleshootingStep[]>'. Did you mean to write 'SLACK'?
src/components/tools/CredentialTroubleshooter.tsx(488,35): error TS2339: Property 'getPlugin' does not exist on type 'typeof ToolPluginRegistry'.
src/components/tools/CredentialTroubleshooter.tsx(510,16): error TS2552: Cannot find name 'Input'. Did you mean 'oninput'?
src/components/tools/CredentialTroubleshooter.tsx(513,28): error TS7006: Parameter 'e' implicitly has an 'any' type.
src/components/tools/CredentialTroubleshooter.tsx(548,24): error TS2304: Cannot find name 'AlertCircle'.
src/components/tools/CredentialTroubleshooter.tsx(585,34): error TS2552: Cannot find name 'Label'. Did you mean 'babel'?
src/components/tools/CredentialTroubleshooter.tsx(585,74): error TS2552: Cannot find name 'Label'. Did you mean 'babel'?
src/components/tools/CredentialTroubleshooter.tsx(647,43): error TS2339: Property 'getPlugin' does not exist on type 'typeof ToolPluginRegistry'.
src/components/tools/CredentialTroubleshooter.tsx(654,42): error TS2339: Property 'getPlugin' does not exist on type 'typeof ToolPluginRegistry'.
src/components/tools/CredentialTroubleshooter.tsx(660,48): error TS2339: Property 'getPlugin' does not exist on type 'typeof ToolPluginRegistry'.
src/components/tools/ExecutionLogsViewer.tsx(171,11): error TS2375: Type '{ toolName: string | undefined; actionName: string | undefined; eventId: number; executionId: string; }' is not assignable to type '{ toolName?: string; actionName?: string; eventId?: number; workflowId?: number; executionId?: string; userId?: string; }' with 'exactOptionalPropertyTypes: true'. Consider adding 'undefined' to the types of the target's properties.
  Types of property 'toolName' are incompatible.
    Type 'string | undefined' is not assignable to type 'string'.
      Type 'undefined' is not assignable to type 'string'.
src/components/tools/modular-tools-manager.tsx(563,29): error TS2769: No overload matches this call.
  Overload 1 of 2, '(props: CredentialFormProps, context?: any): string | number | bigint | boolean | ReactElement<unknown, string | JSXElementConstructor<any>> | ... 4 more ... | undefined', gave the following error.
    Type 'Tool' is not assignable to type '{ id: number; name: string; createdAt: Date; updatedAt: Date; userId: string; type: ToolType; credentials: string; isActive: boolean; encrypted: boolean; encryptionMetadata: unknown; } | null'.
      Type 'Tool' is not assignable to type '{ id: number; name: string; createdAt: Date; updatedAt: Date; userId: string; type: ToolType; credentials: string; isActive: boolean; encrypted: boolean; encryptionMetadata: unknown; }'.
        Types of property 'credentials' are incompatible.
          Type 'Record<string, any>' is not assignable to type 'string'.
  Overload 2 of 2, '(props: CredentialFormProps): string | number | bigint | boolean | ReactElement<unknown, string | JSXElementConstructor<any>> | ... 4 more ... | undefined', gave the following error.
    Type 'Tool' is not assignable to type '{ id: number; name: string; createdAt: Date; updatedAt: Date; userId: string; type: ToolType; credentials: string; isActive: boolean; encrypted: boolean; encryptionMetadata: unknown; } | null'.
      Type 'Tool' is not assignable to type '{ id: number; name: string; createdAt: Date; updatedAt: Date; userId: string; type: ToolType; credentials: string; isActive: boolean; encrypted: boolean; encryptionMetadata: unknown; }'.
        Types of property 'credentials' are incompatible.
          Type 'Record<string, any>' is not assignable to type 'string'.
src/components/tools/modular-tools-manager.tsx(612,32): error TS2769: No overload matches this call.
  Overload 2 of 2, '(props: CredentialDisplayProps): string | number | bigint | boolean | ReactElement<unknown, string | JSXElementConstructor<any>> | ... 4 more ... | undefined', gave the following error.
    Type '{ credentials: Record<string, any>; id: number; name: string; createdAt: Date; updatedAt: Date; userId: string; type: ToolType; isActive: boolean; encrypted: boolean; encryptionMetadata: any; description?: string; tags: string[]; }[]' is not assignable to type '{ id: number; name: string; createdAt: Date; updatedAt: Date; userId: string; type: ToolType; credentials: string; isActive: boolean; encrypted: boolean; encryptionMetadata: unknown; }[]'.
      Type '{ credentials: Record<string, any>; id: number; name: string; createdAt: Date; updatedAt: Date; userId: string; type: ToolType; isActive: boolean; encrypted: boolean; encryptionMetadata: any; description?: string; tags: string[]; }' is not assignable to type '{ id: number; name: string; createdAt: Date; updatedAt: Date; userId: string; type: ToolType; credentials: string; isActive: boolean; encrypted: boolean; encryptionMetadata: unknown; }'.
        Types of property 'credentials' are incompatible.
          Type 'Record<string, any>' is not assignable to type 'string'.
  Overload 2 of 2, '(props: CredentialDisplayProps): string | number | bigint | boolean | ReactElement<unknown, string | JSXElementConstructor<any>> | ... 4 more ... | undefined', gave the following error.
    Type '(tool: Tool) => void' is not assignable to type '(tool: { id: number; name: string; createdAt: Date; updatedAt: Date; userId: string; type: ToolType; credentials: string; isActive: boolean; encrypted: boolean; encryptionMetadata: unknown; }) => void'.
      Types of parameters 'tool' and 'tool' are incompatible.
        Type '{ id: number; name: string; createdAt: Date; updatedAt: Date; userId: string; type: ToolType; credentials: string; isActive: boolean; encrypted: boolean; encryptionMetadata: unknown; }' is not assignable to type 'Tool'.
          Property 'tags' is missing in type '{ id: number; name: string; createdAt: Date; updatedAt: Date; userId: string; type: ToolType; credentials: string; isActive: boolean; encrypted: boolean; encryptionMetadata: unknown; }' but required in type '{ credentials: Record<string, any>; description?: string; tags: string[]; }'.
src/components/tools/plugins/google-sheets/google-sheets-plugin.tsx(48,5): error TS2322: Type 'Resolver<{ name: string; clientId: string; clientSecret: string; scope?: string | undefined; refreshToken?: string | undefined; }, any, { name: string; clientId: string; clientSecret: string; scope: string; refreshToken?: string | undefined; }>' is not assignable to type 'Resolver<{ name: string; clientId: string; clientSecret: string; scope: string; refreshToken?: string | undefined; }, any, { name: string; clientId: string; clientSecret: string; scope: string; refreshToken?: string | undefined; }>'.
  Types of parameters 'options' and 'options' are incompatible.
    Type 'ResolverOptions<{ name: string; clientId: string; clientSecret: string; scope: string; refreshToken?: string | undefined; }>' is not assignable to type 'ResolverOptions<{ name: string; clientId: string; clientSecret: string; scope?: string | undefined; refreshToken?: string | undefined; }>' with 'exactOptionalPropertyTypes: true'. Consider adding 'undefined' to the types of the target's properties.
      Type 'string | undefined' is not assignable to type 'string'.
        Type 'undefined' is not assignable to type 'string'.
src/components/tools/plugins/google-sheets/google-sheets-plugin.tsx(71,39): error TS2345: Argument of type 'SubmitHandler<{ name: string; clientId: string; clientSecret: string; scope: string; refreshToken?: string | undefined; }>' is not assignable to parameter of type 'SubmitHandler<TFieldValues>'.
  Type 'TFieldValues' is not assignable to type '{ name: string; clientId: string; clientSecret: string; scope: string; refreshToken?: string | undefined; }'.
    Type 'FieldValues' is missing the following properties from type '{ name: string; clientId: string; clientSecret: string; scope: string; refreshToken?: string | undefined; }': name, clientId, clientSecret, scope
src/components/tools/plugins/teams/teams-plugin.tsx(55,5): error TS2322: Type 'Resolver<{ name: string; clientId?: string | undefined; clientSecret?: string | undefined; scope?: string | undefined; tenantId?: string | undefined; refreshToken?: string | undefined; webhookUrl?: string | undefined; }, any, { ...; }>' is not assignable to type 'Resolver<{ name: string; scope: string; clientId?: string | undefined; clientSecret?: string | undefined; tenantId?: string | undefined; refreshToken?: string | undefined; webhookUrl?: string | undefined; }, any, { ...; }>'.
  Types of parameters 'options' and 'options' are incompatible.
    Type 'ResolverOptions<{ name: string; scope: string; clientId?: string | undefined; clientSecret?: string | undefined; tenantId?: string | undefined; refreshToken?: string | undefined; webhookUrl?: string | undefined; }>' is not assignable to type 'ResolverOptions<{ name: string; clientId?: string | undefined; clientSecret?: string | undefined; scope?: string | undefined; tenantId?: string | undefined; refreshToken?: string | undefined; webhookUrl?: string | undefined; }>' with 'exactOptionalPropertyTypes: true'. Consider adding 'undefined' to the types of the target's properties.
      Type 'string | undefined' is not assignable to type 'string'.
        Type 'undefined' is not assignable to type 'string'.
src/components/tools/plugins/teams/teams-plugin.tsx(80,39): error TS2345: Argument of type '(data: TeamsFormData) => Promise<void>' is not assignable to parameter of type 'SubmitHandler<TFieldValues>'.
  Types of parameters 'data' and 'data' are incompatible.
    Type 'TFieldValues' is not assignable to type '{ name: string; scope: string; clientId?: string | undefined; clientSecret?: string | undefined; tenantId?: string | undefined; refreshToken?: string | undefined; webhookUrl?: string | undefined; }'.
      Type 'FieldValues' is missing the following properties from type '{ name: string; scope: string; clientId?: string | undefined; clientSecret?: string | undefined; tenantId?: string | undefined; refreshToken?: string | undefined; webhookUrl?: string | undefined; }': name, scope
src/components/tools/tool-browser/QuickAccessPanel.tsx(53,45): error TS2345: Argument of type 'string | undefined' is not assignable to parameter of type 'string'.
  Type 'undefined' is not assignable to type 'string'.
src/components/tools/ToolActionHealthMonitor.tsx(62,80): error TS2769: No overload matches this call.
  Overload 1 of 2, '(input: void | { toolId?: number | undefined; actionId?: string | undefined; } | typeof skipToken | undefined, opts: DefinedUseTRPCQueryOptions<{ success: boolean; status: string; message: string; metrics?: never; recommendations?: never; needsAttention?: never; summary?: never; unhealthyActions?: never; } | { ...; } | { ...; }, { ...; } | ... 1 more ... | { ...; }, TRPCClientErrorLike<...>, { ...; } | ... 1 more ... | { ...; }>): DefinedUseTRPCQueryResult<...>', gave the following error.
    Argument of type '{ refetchInterval: number | undefined; staleTime: number; gcTime: number; refetchOnWindowFocus: true; refetchOnReconnect: false; }' is not assignable to parameter of type 'DefinedUseTRPCQueryOptions<{ success: boolean; status: string; message: string; metrics?: never; recommendations?: never; needsAttention?: never; summary?: never; unhealthyActions?: never; } | { success: boolean; metrics: HealthMetrics; ... 5 more ...; unhealthyActions?: never; } | { ...; }, { ...; } | ... 1 more .....' with 'exactOptionalPropertyTypes: true'. Consider adding 'undefined' to the types of the target's properties.
      Property 'initialData' is missing in type '{ refetchInterval: number | undefined; staleTime: number; gcTime: number; refetchOnWindowFocus: true; refetchOnReconnect: false; }' but required in type 'DefinedUseTRPCQueryOptions<{ success: boolean; status: string; message: string; metrics?: never; recommendations?: never; needsAttention?: never; summary?: never; unhealthyActions?: never; } | { success: boolean; metrics: HealthMetrics; ... 5 more ...; unhealthyActions?: never; } | { ...; }, { ...; } | ... 1 more .....'.
  Overload 2 of 2, '(input: void | { toolId?: number | undefined; actionId?: string | undefined; } | typeof skipToken | undefined, opts?: UseTRPCQueryOptions<{ success: boolean; status: string; message: string; ... 4 more ...; unhealthyActions?: never; } | { ...; } | { ...; }, { ...; } | ... 1 more ... | { ...; }, TRPCClientErrorLike<...>, { ...; } | ... 1 more ... | { ...; }> | undefined): UseTRPCQueryResult<...>', gave the following error.
    Argument of type '{ refetchInterval: number | undefined; staleTime: number; gcTime: number; refetchOnWindowFocus: true; refetchOnReconnect: false; }' is not assignable to parameter of type 'UseTRPCQueryOptions<{ success: boolean; status: string; message: string; metrics?: never; recommendations?: never; needsAttention?: never; summary?: never; unhealthyActions?: never; } | { success: boolean; metrics: HealthMetrics; ... 5 more ...; unhealthyActions?: never; } | { ...; }, { ...; } | ... 1 more ... | { ....' with 'exactOptionalPropertyTypes: true'. Consider adding 'undefined' to the types of the target's properties.
      Types of property 'refetchInterval' are incompatible.
        Type 'number | undefined' is not assignable to type 'number | false | ((query: Query<{ success: boolean; status: string; message: string; metrics?: never; recommendations?: never; needsAttention?: never; summary?: never; unhealthyActions?: never; } | { success: boolean; ... 6 more ...; unhealthyActions?: never; } | { ...; }, TRPCClientErrorLike<...>, { ...; } | ... 1 ...'.
          Type 'undefined' is not assignable to type 'number | false | ((query: Query<{ success: boolean; status: string; message: string; metrics?: never; recommendations?: never; needsAttention?: never; summary?: never; unhealthyActions?: never; } | { success: boolean; ... 6 more ...; unhealthyActions?: never; } | { ...; }, TRPCClientErrorLike<...>, { ...; } | ... 1 ...'.
src/components/tools/ToolCredentialManager.tsx(342,27): error TS2345: Argument of type 'ToolWithParsedCredentials' is not assignable to parameter of type '{ id: number; name: string; type: ToolType; createdAt: Date; updatedAt: Date; userId: string; credentials: string; isActive: boolean; encrypted: boolean; encryptionMetadata: unknown; }'.
  Types of property 'credentials' are incompatible.
    Type 'Record<string, any>' is not assignable to type 'string'.
src/components/tools/ToolErrorDiagnostics.tsx(71,9): error TS2322: Type '{ id: string; severity: "error"; title: string; description: string; solution: string | undefined; timestamp: Date; toolId: number | undefined; actionId: string; }[]' is not assignable to type 'DiagnosticIssue[]'.
  Type '{ id: string; severity: "error"; title: string; description: string; solution: string | undefined; timestamp: Date; toolId: number | undefined; actionId: string; }' is not assignable to type 'DiagnosticIssue' with 'exactOptionalPropertyTypes: true'. Consider adding 'undefined' to the types of the target's properties.
    Types of property 'solution' are incompatible.
      Type 'string | undefined' is not assignable to type 'string'.
        Type 'undefined' is not assignable to type 'string'.
src/components/tools/ToolErrorDiagnostics.tsx(217,18): error TS2304: Cannot find name 'severityIcon'.
src/components/tools/ToolHealthIndicator.tsx(45,32): error TS2339: Property 'valid' does not exist on type '{ success: boolean; message: string; duration: number; details: Record<string, any>; }'.
src/components/tools/ToolHealthIndicator.tsx(50,32): error TS2339: Property 'error' does not exist on type '{ success: boolean; message: string; duration: number; details: Record<string, any>; }'.
src/components/tools/ToolHealthIndicator.tsx(53,31): error TS2339: Property 'error' does not exist on type '{ success: boolean; message: string; duration: number; details: Record<string, any>; }'.
src/components/tools/ToolHealthIndicator.tsx(166,32): error TS2339: Property 'valid' does not exist on type '{ success: boolean; message: string; duration: number; details: Record<string, any>; }'.
src/lib/oauth/providers/google.ts(79,5): error TS2322: Type 'string | undefined' is not assignable to type 'string'.
  Type 'undefined' is not assignable to type 'string'.
src/lib/oauth/providers/microsoft.ts(82,5): error TS2322: Type 'string | undefined' is not assignable to type 'string'.
  Type 'undefined' is not assignable to type 'string'.
src/lib/webhooks/WebhookRouter.ts(86,11): error TS2698: Spread types may only be created from object types.
src/scripts/test-real-tools.ts(106,11): error TS2769: No overload matches this call.
  Overload 2 of 2, '(values: { name: string | SQL<unknown> | Placeholder<string, any>; userId: string | SQL<unknown> | Placeholder<string, any>; type: SQL<unknown> | EventType | Placeholder<...>; ... 29 more ...; tags?: unknown; }[]): PgInsertBase<...>', gave the following error.
    Object literal may only specify known properties, and 'userId' does not exist in type '{ name: string | SQL<unknown> | Placeholder<string, any>; userId: string | SQL<unknown> | Placeholder<string, any>; type: SQL<unknown> | EventType | Placeholder<...>; ... 29 more ...; tags?: unknown; }[]'.
src/scripts/test-tool-action.ts(99,8): error TS2769: No overload matches this call.
  Overload 1 of 2, '(value: { name: string | SQL<unknown> | Placeholder<string, any>; userId: string | SQL<unknown> | Placeholder<string, any>; type: SQL<unknown> | EventType | Placeholder<...>; ... 29 more ...; tags?: unknown; }): PgInsertBase<...>', gave the following error.
    Object literal may only specify known properties, and 'envVars' does not exist in type '{ name: string | SQL<unknown> | Placeholder<string, any>; userId: string | SQL<unknown> | Placeholder<string, any>; type: SQL<unknown> | EventType | Placeholder<...>; ... 29 more ...; tags?: unknown; }'.
  Overload 2 of 2, '(values: { name: string | SQL<unknown> | Placeholder<string, any>; userId: string | SQL<unknown> | Placeholder<string, any>; type: SQL<unknown> | EventType | Placeholder<...>; ... 29 more ...; tags?: unknown; }[]): PgInsertBase<...>', gave the following error.
    Object literal may only specify known properties, and 'userId' does not exist in type '{ name: string | SQL<unknown> | Placeholder<string, any>; userId: string | SQL<unknown> | Placeholder<string, any>; type: SQL<unknown> | EventType | Placeholder<...>; ... 29 more ...; tags?: unknown; }[]'.
src/types/api.ts(254,5): error TS2304: Cannot find name 'TemplatesResponse'.
